<?xml version="1.0" encoding="utf-8"?><testsuites name="pytest tests"><testsuite name="pytest" errors="0" failures="1" skipped="0" tests="23" time="5.248" timestamp="2026-06-11T13:58:04.233595+00:00" hostname="agent-env-e203efb8-7a51-4504-b104-0961c96044b1"><testcase classname="backend.tests.test_cloakforge" name="test_health" time="0.332" /><testcase classname="backend.tests.test_cloakforge" name="test_admin_login_sets_cookies" time="0.336" /><testcase classname="backend.tests.test_cloakforge" name="test_auth_me" time="0.048" /><testcase classname="backend.tests.test_cloakforge" name="test_register_new_user" time="0.432"><failure message="AssertionError: assert 'test_8a2e8eca@example.com' == 'TEST_8a2e8eca@example.com'&#10;  &#10;  - TEST_8a2e8eca@example.com&#10;  ? ^^^^&#10;  + test_8a2e8eca@example.com&#10;  ? ^^^^">backend/tests/test_cloakforge.py:50: in test_register_new_user
    assert r.json()["email"] == new_user_session.email  # type: ignore
    ^^^^^^^^^^^^^^^^^^^^^^^^^^^^^^^^^^^^^^^^^^^^^^^^^^
E   AssertionError: assert 'test_8a2e8eca@example.com' == 'TEST_8a2e8eca@example.com'
E     
E     - TEST_8a2e8eca@example.com
E     ? ^^^^
E     + test_8a2e8eca@example.com
E     ? ^^^^</failure></testcase><testcase classname="backend.tests.test_cloakforge" name="test_login_invalid_credentials" time="0.113" /><testcase classname="backend.tests.test_cloakforge" name="test_logout_clears_cookies" time="0.460" /><testcase classname="backend.tests.test_cloakforge" name="test_protected_endpoint_requires_auth" time="0.119" /><testcase classname="backend.tests.test_cloakforge" name="test_campaign_create_and_get" time="0.106" /><testcase classname="backend.tests.test_cloakforge" name="test_campaign_list" time="0.049" /><testcase classname="backend.tests.test_cloakforge" name="test_campaign_update" time="0.098" /><testcase classname="backend.tests.test_cloakforge" name="test_cloak_money_decision_regular_ua" time="0.123" /><testcase classname="backend.tests.test_cloakforge" name="test_cloak_safe_decision_bot_ua" time="0.109" /><testcase classname="backend.tests.test_cloakforge" name="test_cloak_redirect_default" time="0.124" /><testcase classname="backend.tests.test_cloakforge" name="test_cloak_headless_blocked" time="0.129" /><testcase classname="backend.tests.test_cloakforge" name="test_cloak_invalid_campaign" time="0.110" /><testcase classname="backend.tests.test_cloakforge" name="test_cloak_no_auth_required" time="0.119" /><testcase classname="backend.tests.test_cloakforge" name="test_logs_for_campaign" time="1.060" /><testcase classname="backend.tests.test_cloakforge" name="test_logs_filter_decision" time="0.049" /><testcase classname="backend.tests.test_cloakforge" name="test_recent_logs" time="0.050" /><testcase classname="backend.tests.test_cloakforge" name="test_analytics_overview" time="0.056" /><testcase classname="backend.tests.test_cloakforge" name="test_analytics_timeseries" time="0.054" /><testcase classname="backend.tests.test_cloakforge" name="test_rules" time="0.051" /><testcase classname="backend.tests.test_cloakforge" name="test_campaign_delete_cascade" time="0.936" /></testsuite></testsuites>